{
  "stats": {
    "suites": 1,
    "tests": 5,
    "passes": 5,
    "pending": 0,
    "failures": 0,
    "start": "2025-10-29T01:47:50.612Z",
    "end": "2025-10-29T01:48:11.724Z",
    "duration": 21112,
    "testsRegistered": 5,
    "passPercent": 100,
    "pendingPercent": 0,
    "other": 0,
    "hasOther": false,
    "skipped": 0,
    "hasSkipped": false
  },
  "results": [
    {
      "uuid": "c9a07038-325b-4236-ab3f-0ff81aa959f1",
      "title": "",
      "fullFile": "cypress\\e2e\\product-listing.cy.js",
      "file": "cypress\\e2e\\product-listing.cy.js",
      "beforeHooks": [],
      "afterHooks": [],
      "tests": [],
      "suites": [
        {
          "uuid": "32eb1f99-7580-48f2-945b-9dea648c40f6",
          "title": "Product Listing",
          "fullFile": "",
          "file": "",
          "beforeHooks": [],
          "afterHooks": [],
          "tests": [
            {
              "title": "should load product listing page",
              "fullTitle": "Product Listing should load product listing page",
              "timedOut": null,
              "duration": 3654,
              "state": "passed",
              "speed": "fast",
              "pass": true,
              "fail": false,
              "pending": false,
              "context": null,
              "code": "// Pastikan grid produk tampil\ncy.get('[data-cy=\"product-grid\"]').should('be.visible');",
              "err": {},
              "uuid": "2f8b86d5-906d-4af3-a9a6-aaa7fe151e8a",
              "parentUUID": "32eb1f99-7580-48f2-945b-9dea648c40f6",
              "isHook": false,
              "skipped": false
            },
            {
              "title": "should display products correctly",
              "fullTitle": "Product Listing should display products correctly",
              "timedOut": null,
              "duration": 4943,
              "state": "passed",
              "speed": "fast",
              "pass": true,
              "fail": false,
              "pending": false,
              "context": null,
              "code": "// Harus ada minimal 1 produk\ncy.get('[data-cy=\"product-item\"]').should('have.length.at.least', 1);\n// Cek elemen penting di produk pertama\ncy.get('[data-cy=\"product-item\"]').first().within(() => {\n  cy.get('[data-cy=\"product-name\"]').should('be.visible');\n  cy.get('[data-cy=\"product-category\"]').should('be.visible');\n  cy.get('[data-cy=\"product-price\"]').should('be.visible');\n  cy.get('[data-cy=\"product-stock\"]').should('be.visible');\n  cy.get('[data-cy=\"add-to-cart\"]').should('be.visible');\n});",
              "err": {},
              "uuid": "74640976-b363-4f7d-a82d-3e7e5bb8dcee",
              "parentUUID": "32eb1f99-7580-48f2-945b-9dea648c40f6",
              "isHook": false,
              "skipped": false
            },
            {
              "title": "should display product images",
              "fullTitle": "Product Listing should display product images",
              "timedOut": null,
              "duration": 4546,
              "state": "passed",
              "speed": "fast",
              "pass": true,
              "fail": false,
              "pending": false,
              "context": null,
              "code": "// Cek bahwa ada gambar dan punya atribut src valid\ncy.get('[data-cy=\"product-image\"]').should('be.visible').and('have.attr', 'src').and('match', /^https?:\\/\\//);",
              "err": {},
              "uuid": "b4c0bce7-2dc8-420c-8d6d-032d3c7c7c3a",
              "parentUUID": "32eb1f99-7580-48f2-945b-9dea648c40f6",
              "isHook": false,
              "skipped": false
            },
            {
              "title": "should format prices in IDR",
              "fullTitle": "Product Listing should format prices in IDR",
              "timedOut": null,
              "duration": 4398,
              "state": "passed",
              "speed": "fast",
              "pass": true,
              "fail": false,
              "pending": false,
              "context": null,
              "code": "// Cek format harga — fleksibel ke Rp12.000 atau Rp 12,000\ncy.get('[data-cy=\"product-price\"]').first().invoke('text') // ambil teks harga\n.then(text => {\n  expect(text).to.include('Rp'); // wajib ada awalan Rp\n  expect(text.trim()).to.match(/Rp\\s*\\d{1,3}([.,]\\d{3})*/); // cocok format ribuan (titik/koma)\n});",
              "err": {},
              "uuid": "996af808-f1b0-4caf-9dfe-4171cccaf4b6",
              "parentUUID": "32eb1f99-7580-48f2-945b-9dea648c40f6",
              "isHook": false,
              "skipped": false
            },
            {
              "title": "should have working add to cart buttons",
              "fullTitle": "Product Listing should have working add to cart buttons",
              "timedOut": null,
              "duration": 3403,
              "state": "passed",
              "speed": "fast",
              "pass": true,
              "fail": false,
              "pending": false,
              "context": null,
              "code": "// Tombol add to cart harus aktif dan teksnya benar\ncy.get('[data-cy=\"add-to-cart\"]').first().should('be.visible').and('not.be.disabled').and('have.text', 'Add to cart');",
              "err": {},
              "uuid": "a91eebd7-de4e-4f86-9911-5965f977b51f",
              "parentUUID": "32eb1f99-7580-48f2-945b-9dea648c40f6",
              "isHook": false,
              "skipped": false
            }
          ],
          "suites": [],
          "passes": [
            "2f8b86d5-906d-4af3-a9a6-aaa7fe151e8a",
            "74640976-b363-4f7d-a82d-3e7e5bb8dcee",
            "b4c0bce7-2dc8-420c-8d6d-032d3c7c7c3a",
            "996af808-f1b0-4caf-9dfe-4171cccaf4b6",
            "a91eebd7-de4e-4f86-9911-5965f977b51f"
          ],
          "failures": [],
          "pending": [],
          "skipped": [],
          "duration": 20944,
          "root": false,
          "rootEmpty": false,
          "_timeout": 2000
        }
      ],
      "passes": [],
      "failures": [],
      "pending": [],
      "skipped": [],
      "duration": 0,
      "root": true,
      "rootEmpty": true,
      "_timeout": 2000
    }
  ],
  "meta": {
    "mocha": {
      "version": "7.0.1"
    },
    "mochawesome": {
      "options": {
        "quiet": false,
        "reportFilename": "mochawesome",
        "saveHtml": false,
        "saveJson": true,
        "consoleReporter": "spec",
        "useInlineDiffs": false,
        "code": true
      },
      "version": "7.1.4"
    },
    "marge": {
      "options": {
        "reportDir": "cypress/reports",
        "overwrite": false,
        "html": false,
        "json": true
      },
      "version": "6.3.0"
    }
  }
}