{
  "stats": {
    "suites": 1,
    "tests": 6,
    "passes": 6,
    "pending": 0,
    "failures": 0,
    "start": "2025-10-29T01:46:20.227Z",
    "end": "2025-10-29T01:47:17.148Z",
    "duration": 56921,
    "testsRegistered": 6,
    "passPercent": 100,
    "pendingPercent": 0,
    "other": 0,
    "hasOther": false,
    "skipped": 0,
    "hasSkipped": false
  },
  "results": [
    {
      "uuid": "c2f5fa0c-518c-457d-9da9-a380d3aeb330",
      "title": "",
      "fullFile": "cypress\\e2e\\filters.cy.js",
      "file": "cypress\\e2e\\filters.cy.js",
      "beforeHooks": [],
      "afterHooks": [],
      "tests": [],
      "suites": [
        {
          "uuid": "c5958244-4581-4b34-8beb-65a8a86f290a",
          "title": "Product Filters",
          "fullFile": "",
          "file": "",
          "beforeHooks": [],
          "afterHooks": [],
          "tests": [
            {
              "title": "should filter by search",
              "fullTitle": "Product Filters should filter by search",
              "timedOut": null,
              "duration": 8330,
              "state": "passed",
              "speed": "medium",
              "pass": true,
              "fail": false,
              "pending": false,
              "context": null,
              "code": "cy.get('[data-cy=\"search-input\"]').clear().type('Laptop');\ncy.get('[data-cy=\"search-button\"]').click();\ncy.wait('@getProducts');\ncy.location('search').should('contain', 'search=Laptop');",
              "err": {},
              "uuid": "fb6ec830-152f-4021-b41b-1a86787baf0b",
              "parentUUID": "c5958244-4581-4b34-8beb-65a8a86f290a",
              "isHook": false,
              "skipped": false
            },
            {
              "title": "should filter by category",
              "fullTitle": "Product Filters should filter by category",
              "timedOut": null,
              "duration": 9585,
              "state": "passed",
              "speed": "medium",
              "pass": true,
              "fail": false,
              "pending": false,
              "context": null,
              "code": "cy.get('[data-cy=\"category-filter\"]').click();\ncy.get('[data-cy=\"category-option\"]').eq(1).click();\ncy.wait('@getProducts');\ncy.location('search').should('contain', 'category=');",
              "err": {},
              "uuid": "c8f6e0d1-499f-48f4-a8bf-c07095e4c8e2",
              "parentUUID": "c5958244-4581-4b34-8beb-65a8a86f290a",
              "isHook": false,
              "skipped": false
            },
            {
              "title": "should apply price filter",
              "fullTitle": "Product Filters should apply price filter",
              "timedOut": null,
              "duration": 9451,
              "state": "passed",
              "speed": "medium",
              "pass": true,
              "fail": false,
              "pending": false,
              "context": null,
              "code": "cy.get('[data-cy=\"min-price\"]').clear().type('100');\ncy.get('[data-cy=\"max-price\"]').clear().type('200');\ncy.get('[data-cy=\"apply-filter\"]').click();\ncy.wait('@getProducts');\ncy.location('search').should('contain', 'min_price=100');\ncy.location('search').should('contain', 'max_price=200');",
              "err": {},
              "uuid": "55ff7bd3-7188-4848-af55-697c5987a62a",
              "parentUUID": "c5958244-4581-4b34-8beb-65a8a86f290a",
              "isHook": false,
              "skipped": false
            },
            {
              "title": "should handle empty result state without failing",
              "fullTitle": "Product Filters should handle empty result state without failing",
              "timedOut": null,
              "duration": 6950,
              "state": "passed",
              "speed": "medium",
              "pass": true,
              "fail": false,
              "pending": false,
              "context": null,
              "code": "cy.get('[data-cy=\"min-price\"]').clear().type('999999');\ncy.get('[data-cy=\"apply-filter\"]').click();\ncy.wait('@getProducts');\n// Product may show empty state or grid still exists but empty\ncy.get('body').then($body => {\n  if ($body.find('[data-cy=\"product-item\"]').length > 0) {\n    cy.get('[data-cy=\"product-item\"]').its('length').should('be.greaterThan', 0);\n  } else {\n    cy.contains(/no products found/i).should('be.visible');\n  }\n});",
              "err": {},
              "uuid": "eaaefa5e-e980-44f3-962e-485403b91a4b",
              "parentUUID": "c5958244-4581-4b34-8beb-65a8a86f290a",
              "isHook": false,
              "skipped": false
            },
            {
              "title": "should change items per page",
              "fullTitle": "Product Filters should change items per page",
              "timedOut": null,
              "duration": 10426,
              "state": "passed",
              "speed": "slow",
              "pass": true,
              "fail": false,
              "pending": false,
              "context": null,
              "code": "cy.get('[data-cy=\"per-page-select\"]').select('10');\ncy.wait('@getProducts');\ncy.location('search').should('contain', 'per_page=10');",
              "err": {},
              "uuid": "1cdf2fa8-6e20-4214-8c7b-67e9a0cb3aba",
              "parentUUID": "c5958244-4581-4b34-8beb-65a8a86f290a",
              "isHook": false,
              "skipped": false
            },
            {
              "title": "should clear all filters",
              "fullTitle": "Product Filters should clear all filters",
              "timedOut": null,
              "duration": 11913,
              "state": "passed",
              "speed": "slow",
              "pass": true,
              "fail": false,
              "pending": false,
              "context": null,
              "code": "cy.get('[data-cy=\"search-input\"]').clear().type('Laptop');\ncy.get('[data-cy=\"search-button\"]').click();\ncy.wait('@getProducts');\ncy.get('[data-cy=\"clear-filters\"]').click();\ncy.wait('@getProducts');\ncy.location('search').should('eq', ''); // ✅ URL kembali bersih",
              "err": {},
              "uuid": "12beb04e-66bf-404e-88d7-f604794cd457",
              "parentUUID": "c5958244-4581-4b34-8beb-65a8a86f290a",
              "isHook": false,
              "skipped": false
            }
          ],
          "suites": [],
          "passes": [
            "fb6ec830-152f-4021-b41b-1a86787baf0b",
            "c8f6e0d1-499f-48f4-a8bf-c07095e4c8e2",
            "55ff7bd3-7188-4848-af55-697c5987a62a",
            "eaaefa5e-e980-44f3-962e-485403b91a4b",
            "1cdf2fa8-6e20-4214-8c7b-67e9a0cb3aba",
            "12beb04e-66bf-404e-88d7-f604794cd457"
          ],
          "failures": [],
          "pending": [],
          "skipped": [],
          "duration": 56655,
          "root": false,
          "rootEmpty": false,
          "_timeout": 2000
        }
      ],
      "passes": [],
      "failures": [],
      "pending": [],
      "skipped": [],
      "duration": 0,
      "root": true,
      "rootEmpty": true,
      "_timeout": 2000
    }
  ],
  "meta": {
    "mocha": {
      "version": "7.0.1"
    },
    "mochawesome": {
      "options": {
        "quiet": false,
        "reportFilename": "mochawesome",
        "saveHtml": false,
        "saveJson": true,
        "consoleReporter": "spec",
        "useInlineDiffs": false,
        "code": true
      },
      "version": "7.1.4"
    },
    "marge": {
      "options": {
        "reportDir": "cypress/reports",
        "overwrite": false,
        "html": false,
        "json": true
      },
      "version": "6.3.0"
    }
  }
}