{
  "stats": {
    "suites": 5,
    "tests": 23,
    "passes": 23,
    "pending": 0,
    "failures": 0,
    "testsRegistered": 23,
    "passPercent": 100,
    "pendingPercent": 0,
    "other": 0,
    "hasOther": false,
    "skipped": 0,
    "hasSkipped": false,
    "start": "2025-10-29T01:45:15.341Z",
    "end": "2025-10-29T01:48:11.724Z",
    "duration": 176383
  },
  "results": [
    {
      "uuid": "d9d25650-661a-4e51-a6db-6437cfca2d94",
      "title": "",
      "fullFile": "cypress\\e2e\\checkout.cy.js",
      "file": "cypress\\e2e\\checkout.cy.js",
      "beforeHooks": [],
      "afterHooks": [],
      "tests": [],
      "suites": [
        {
          "uuid": "65c8e981-7664-4585-9440-ecbecca1cfc1",
          "title": "Checkout Flow",
          "fullFile": "",
          "file": "",
          "beforeHooks": [],
          "afterHooks": [],
          "tests": [
            {
              "title": "shows checkout form and summary",
              "fullTitle": "Checkout Flow shows checkout form and summary",
              "timedOut": null,
              "duration": 6319,
              "state": "passed",
              "speed": "medium",
              "pass": true,
              "fail": false,
              "pending": false,
              "context": null,
              "code": "cy.get('h1').contains('Checkout');\ncy.get('[data-cy=checkout-name]').should('be.visible');\ncy.get('[data-cy=checkout-address]').should('be.visible');\ncy.get('[data-cy=checkout-phone]').should('be.visible');\ncy.get('aside').contains('Order Summary');",
              "err": {},
              "uuid": "fe5c11a3-f20b-440d-aa5b-c34282f598ef",
              "parentUUID": "65c8e981-7664-4585-9440-ecbecca1cfc1",
              "isHook": false,
              "skipped": false
            },
            {
              "title": "validates phone number",
              "fullTitle": "Checkout Flow validates phone number",
              "timedOut": null,
              "duration": 7862,
              "state": "passed",
              "speed": "medium",
              "pass": true,
              "fail": false,
              "pending": false,
              "context": null,
              "code": "cy.get('[data-cy=checkout-name]').type('Bali Tester');\ncy.get('[data-cy=checkout-address]').type('Jl. Sunset Road No. 123');\ncy.get('[data-cy=checkout-phone]').type('abc123');\ncy.get('[data-cy=submit-order]').click();\ncy.get('[data-cy=phone-error]').should('exist').and('contain', 'Invalid phone number');",
              "err": {},
              "uuid": "d14dbc09-fd3a-489c-86d5-92a4a32a0616",
              "parentUUID": "65c8e981-7664-4585-9440-ecbecca1cfc1",
              "isHook": false,
              "skipped": false
            },
            {
              "title": "submits order successfully (mocked)",
              "fullTitle": "Checkout Flow submits order successfully (mocked)",
              "timedOut": null,
              "duration": 7909,
              "state": "passed",
              "speed": "medium",
              "pass": true,
              "fail": false,
              "pending": false,
              "context": null,
              "code": "cy.intercept('POST', '**/orders', {\n  statusCode: 200,\n  body: {\n    id: 99\n  }\n}).as('placeOrder');\ncy.get('[data-cy=checkout-name]').type('Bali Tester');\ncy.get('[data-cy=checkout-address]').type('Jl. Sunset Road No. 123');\ncy.get('[data-cy=checkout-phone]').type('08123456789');\ncy.get('[data-cy=submit-order]').click();\ncy.wait('@placeOrder');\ncy.url().should('include', '/thanks');",
              "err": {},
              "uuid": "4c052172-67b1-4ce6-aa76-825924c595d2",
              "parentUUID": "65c8e981-7664-4585-9440-ecbecca1cfc1",
              "isHook": false,
              "skipped": false
            },
            {
              "title": "handles transfer payment and loads bank account (mocked)",
              "fullTitle": "Checkout Flow handles transfer payment and loads bank account (mocked)",
              "timedOut": null,
              "duration": 7581,
              "state": "passed",
              "speed": "medium",
              "pass": true,
              "fail": false,
              "pending": false,
              "context": null,
              "code": "cy.intercept('GET', '**/settings/bank_account', {\n  statusCode: 200,\n  body: {\n    bank: 'BCA',\n    account_number: '1234567890',\n    account_name: 'PT MyShop'\n  }\n}).as('getBank');\ncy.get('select').select('Transfer');\ncy.wait('@getBank');\ncy.contains('Bank: BCA');\ncy.contains('Account: 1234567890');\ncy.contains('Name: PT MyShop');",
              "err": {},
              "uuid": "71ffb3f7-60b0-41b9-9ca4-71346eec5353",
              "parentUUID": "65c8e981-7664-4585-9440-ecbecca1cfc1",
              "isHook": false,
              "skipped": false
            },
            {
              "title": "shows message when no bank account found",
              "fullTitle": "Checkout Flow shows message when no bank account found",
              "timedOut": null,
              "duration": 7935,
              "state": "passed",
              "speed": "medium",
              "pass": true,
              "fail": false,
              "pending": false,
              "context": null,
              "code": "cy.intercept('GET', '**/settings/bank_account', {\n  statusCode: 404,\n  body: {}\n}).as('getBankEmpty');\ncy.get('select').select('Transfer');\ncy.wait('@getBankEmpty');\ncy.contains('No bank account configured');",
              "err": {},
              "uuid": "29cf393d-6f4b-4072-b572-3fa78c556c62",
              "parentUUID": "65c8e981-7664-4585-9440-ecbecca1cfc1",
              "isHook": false,
              "skipped": false
            }
          ],
          "suites": [],
          "passes": [
            "fe5c11a3-f20b-440d-aa5b-c34282f598ef",
            "d14dbc09-fd3a-489c-86d5-92a4a32a0616",
            "4c052172-67b1-4ce6-aa76-825924c595d2",
            "71ffb3f7-60b0-41b9-9ca4-71346eec5353",
            "29cf393d-6f4b-4072-b572-3fa78c556c62"
          ],
          "failures": [],
          "pending": [],
          "skipped": [],
          "duration": 37606,
          "root": false,
          "rootEmpty": false,
          "_timeout": 2000
        }
      ],
      "passes": [],
      "failures": [],
      "pending": [],
      "skipped": [],
      "duration": 0,
      "root": true,
      "rootEmpty": true,
      "_timeout": 2000
    },
    {
      "uuid": "c2f5fa0c-518c-457d-9da9-a380d3aeb330",
      "title": "",
      "fullFile": "cypress\\e2e\\filters.cy.js",
      "file": "cypress\\e2e\\filters.cy.js",
      "beforeHooks": [],
      "afterHooks": [],
      "tests": [],
      "suites": [
        {
          "uuid": "c5958244-4581-4b34-8beb-65a8a86f290a",
          "title": "Product Filters",
          "fullFile": "",
          "file": "",
          "beforeHooks": [],
          "afterHooks": [],
          "tests": [
            {
              "title": "should filter by search",
              "fullTitle": "Product Filters should filter by search",
              "timedOut": null,
              "duration": 8330,
              "state": "passed",
              "speed": "medium",
              "pass": true,
              "fail": false,
              "pending": false,
              "context": null,
              "code": "cy.get('[data-cy=\"search-input\"]').clear().type('Laptop');\ncy.get('[data-cy=\"search-button\"]').click();\ncy.wait('@getProducts');\ncy.location('search').should('contain', 'search=Laptop');",
              "err": {},
              "uuid": "fb6ec830-152f-4021-b41b-1a86787baf0b",
              "parentUUID": "c5958244-4581-4b34-8beb-65a8a86f290a",
              "isHook": false,
              "skipped": false
            },
            {
              "title": "should filter by category",
              "fullTitle": "Product Filters should filter by category",
              "timedOut": null,
              "duration": 9585,
              "state": "passed",
              "speed": "medium",
              "pass": true,
              "fail": false,
              "pending": false,
              "context": null,
              "code": "cy.get('[data-cy=\"category-filter\"]').click();\ncy.get('[data-cy=\"category-option\"]').eq(1).click();\ncy.wait('@getProducts');\ncy.location('search').should('contain', 'category=');",
              "err": {},
              "uuid": "c8f6e0d1-499f-48f4-a8bf-c07095e4c8e2",
              "parentUUID": "c5958244-4581-4b34-8beb-65a8a86f290a",
              "isHook": false,
              "skipped": false
            },
            {
              "title": "should apply price filter",
              "fullTitle": "Product Filters should apply price filter",
              "timedOut": null,
              "duration": 9451,
              "state": "passed",
              "speed": "medium",
              "pass": true,
              "fail": false,
              "pending": false,
              "context": null,
              "code": "cy.get('[data-cy=\"min-price\"]').clear().type('100');\ncy.get('[data-cy=\"max-price\"]').clear().type('200');\ncy.get('[data-cy=\"apply-filter\"]').click();\ncy.wait('@getProducts');\ncy.location('search').should('contain', 'min_price=100');\ncy.location('search').should('contain', 'max_price=200');",
              "err": {},
              "uuid": "55ff7bd3-7188-4848-af55-697c5987a62a",
              "parentUUID": "c5958244-4581-4b34-8beb-65a8a86f290a",
              "isHook": false,
              "skipped": false
            },
            {
              "title": "should handle empty result state without failing",
              "fullTitle": "Product Filters should handle empty result state without failing",
              "timedOut": null,
              "duration": 6950,
              "state": "passed",
              "speed": "medium",
              "pass": true,
              "fail": false,
              "pending": false,
              "context": null,
              "code": "cy.get('[data-cy=\"min-price\"]').clear().type('999999');\ncy.get('[data-cy=\"apply-filter\"]').click();\ncy.wait('@getProducts');\n// Product may show empty state or grid still exists but empty\ncy.get('body').then($body => {\n  if ($body.find('[data-cy=\"product-item\"]').length > 0) {\n    cy.get('[data-cy=\"product-item\"]').its('length').should('be.greaterThan', 0);\n  } else {\n    cy.contains(/no products found/i).should('be.visible');\n  }\n});",
              "err": {},
              "uuid": "eaaefa5e-e980-44f3-962e-485403b91a4b",
              "parentUUID": "c5958244-4581-4b34-8beb-65a8a86f290a",
              "isHook": false,
              "skipped": false
            },
            {
              "title": "should change items per page",
              "fullTitle": "Product Filters should change items per page",
              "timedOut": null,
              "duration": 10426,
              "state": "passed",
              "speed": "slow",
              "pass": true,
              "fail": false,
              "pending": false,
              "context": null,
              "code": "cy.get('[data-cy=\"per-page-select\"]').select('10');\ncy.wait('@getProducts');\ncy.location('search').should('contain', 'per_page=10');",
              "err": {},
              "uuid": "1cdf2fa8-6e20-4214-8c7b-67e9a0cb3aba",
              "parentUUID": "c5958244-4581-4b34-8beb-65a8a86f290a",
              "isHook": false,
              "skipped": false
            },
            {
              "title": "should clear all filters",
              "fullTitle": "Product Filters should clear all filters",
              "timedOut": null,
              "duration": 11913,
              "state": "passed",
              "speed": "slow",
              "pass": true,
              "fail": false,
              "pending": false,
              "context": null,
              "code": "cy.get('[data-cy=\"search-input\"]').clear().type('Laptop');\ncy.get('[data-cy=\"search-button\"]').click();\ncy.wait('@getProducts');\ncy.get('[data-cy=\"clear-filters\"]').click();\ncy.wait('@getProducts');\ncy.location('search').should('eq', ''); // ✅ URL kembali bersih",
              "err": {},
              "uuid": "12beb04e-66bf-404e-88d7-f604794cd457",
              "parentUUID": "c5958244-4581-4b34-8beb-65a8a86f290a",
              "isHook": false,
              "skipped": false
            }
          ],
          "suites": [],
          "passes": [
            "fb6ec830-152f-4021-b41b-1a86787baf0b",
            "c8f6e0d1-499f-48f4-a8bf-c07095e4c8e2",
            "55ff7bd3-7188-4848-af55-697c5987a62a",
            "eaaefa5e-e980-44f3-962e-485403b91a4b",
            "1cdf2fa8-6e20-4214-8c7b-67e9a0cb3aba",
            "12beb04e-66bf-404e-88d7-f604794cd457"
          ],
          "failures": [],
          "pending": [],
          "skipped": [],
          "duration": 56655,
          "root": false,
          "rootEmpty": false,
          "_timeout": 2000
        }
      ],
      "passes": [],
      "failures": [],
      "pending": [],
      "skipped": [],
      "duration": 0,
      "root": true,
      "rootEmpty": true,
      "_timeout": 2000
    },
    {
      "uuid": "4773d3c9-8858-45eb-b12b-9a04d254bfe7",
      "title": "",
      "fullFile": "cypress\\e2e\\pagination.cy.js",
      "file": "cypress\\e2e\\pagination.cy.js",
      "beforeHooks": [],
      "afterHooks": [],
      "tests": [],
      "suites": [
        {
          "uuid": "cda6ee89-3845-47be-b342-c7a060f12305",
          "title": "Product Pagination",
          "fullFile": "",
          "file": "",
          "beforeHooks": [],
          "afterHooks": [],
          "tests": [
            {
              "title": "should render pagination info and page buttons",
              "fullTitle": "Product Pagination should render pagination info and page buttons",
              "timedOut": null,
              "duration": 4862,
              "state": "passed",
              "speed": "fast",
              "pass": true,
              "fail": false,
              "pending": false,
              "context": null,
              "code": "cy.get('[data-cy=\"pagination-info\"]').should('exist');\ncy.get('[data-cy^=\"page-\"]').should('have.length.greaterThan', 0);",
              "err": {},
              "uuid": "32256607-7f49-49b7-be4c-28863f5fecf9",
              "parentUUID": "cda6ee89-3845-47be-b342-c7a060f12305",
              "isHook": false,
              "skipped": false
            },
            {
              "title": "should update URL when clicking a page number",
              "fullTitle": "Product Pagination should update URL when clicking a page number",
              "timedOut": null,
              "duration": 14149,
              "state": "passed",
              "speed": "slow",
              "pass": true,
              "fail": false,
              "pending": false,
              "context": null,
              "code": "// klik page 2\ncy.get('[data-cy=\"page-2\"]').should('be.visible').click({\n  force: true\n});\ncy.wait('@getProducts');\ncy.url().should('include', 'page=2');\n// tunggu render selesai sebelum klik balik page 1\ncy.get('[data-cy=\"page-1\"]').should('be.visible').click({\n  force: true\n});\ncy.wait('@getProducts');\ncy.url().should('include', 'page=1');",
              "err": {},
              "uuid": "f08e46b6-3140-41f7-9239-75eba8171fcd",
              "parentUUID": "cda6ee89-3845-47be-b342-c7a060f12305",
              "isHook": false,
              "skipped": false
            },
            {
              "title": "should hide pagination when only one page",
              "fullTitle": "Product Pagination should hide pagination when only one page",
              "timedOut": null,
              "duration": 10163,
              "state": "passed",
              "speed": "slow",
              "pass": true,
              "fail": false,
              "pending": false,
              "context": null,
              "code": "cy.visit('/?total=10&per_page=20'); // total < perPage = cuma 1 halaman\ncy.wait('@getProducts');\ncy.get('[data-cy=\"pagination-info\"]').should('not.exist');\ncy.get('[data-cy^=\"page-\"]').should('not.exist');",
              "err": {},
              "uuid": "4c262aac-a72d-4b3b-b72d-2b4c76afb4eb",
              "parentUUID": "cda6ee89-3845-47be-b342-c7a060f12305",
              "isHook": false,
              "skipped": false
            }
          ],
          "suites": [],
          "passes": [
            "32256607-7f49-49b7-be4c-28863f5fecf9",
            "f08e46b6-3140-41f7-9239-75eba8171fcd",
            "4c262aac-a72d-4b3b-b72d-2b4c76afb4eb"
          ],
          "failures": [],
          "pending": [],
          "skipped": [],
          "duration": 29174,
          "root": false,
          "rootEmpty": false,
          "_timeout": 2000
        }
      ],
      "passes": [],
      "failures": [],
      "pending": [],
      "skipped": [],
      "duration": 0,
      "root": true,
      "rootEmpty": true,
      "_timeout": 2000
    },
    {
      "uuid": "c9a07038-325b-4236-ab3f-0ff81aa959f1",
      "title": "",
      "fullFile": "cypress\\e2e\\product-listing.cy.js",
      "file": "cypress\\e2e\\product-listing.cy.js",
      "beforeHooks": [],
      "afterHooks": [],
      "tests": [],
      "suites": [
        {
          "uuid": "32eb1f99-7580-48f2-945b-9dea648c40f6",
          "title": "Product Listing",
          "fullFile": "",
          "file": "",
          "beforeHooks": [],
          "afterHooks": [],
          "tests": [
            {
              "title": "should load product listing page",
              "fullTitle": "Product Listing should load product listing page",
              "timedOut": null,
              "duration": 3654,
              "state": "passed",
              "speed": "fast",
              "pass": true,
              "fail": false,
              "pending": false,
              "context": null,
              "code": "// Pastikan grid produk tampil\ncy.get('[data-cy=\"product-grid\"]').should('be.visible');",
              "err": {},
              "uuid": "2f8b86d5-906d-4af3-a9a6-aaa7fe151e8a",
              "parentUUID": "32eb1f99-7580-48f2-945b-9dea648c40f6",
              "isHook": false,
              "skipped": false
            },
            {
              "title": "should display products correctly",
              "fullTitle": "Product Listing should display products correctly",
              "timedOut": null,
              "duration": 4943,
              "state": "passed",
              "speed": "fast",
              "pass": true,
              "fail": false,
              "pending": false,
              "context": null,
              "code": "// Harus ada minimal 1 produk\ncy.get('[data-cy=\"product-item\"]').should('have.length.at.least', 1);\n// Cek elemen penting di produk pertama\ncy.get('[data-cy=\"product-item\"]').first().within(() => {\n  cy.get('[data-cy=\"product-name\"]').should('be.visible');\n  cy.get('[data-cy=\"product-category\"]').should('be.visible');\n  cy.get('[data-cy=\"product-price\"]').should('be.visible');\n  cy.get('[data-cy=\"product-stock\"]').should('be.visible');\n  cy.get('[data-cy=\"add-to-cart\"]').should('be.visible');\n});",
              "err": {},
              "uuid": "74640976-b363-4f7d-a82d-3e7e5bb8dcee",
              "parentUUID": "32eb1f99-7580-48f2-945b-9dea648c40f6",
              "isHook": false,
              "skipped": false
            },
            {
              "title": "should display product images",
              "fullTitle": "Product Listing should display product images",
              "timedOut": null,
              "duration": 4546,
              "state": "passed",
              "speed": "fast",
              "pass": true,
              "fail": false,
              "pending": false,
              "context": null,
              "code": "// Cek bahwa ada gambar dan punya atribut src valid\ncy.get('[data-cy=\"product-image\"]').should('be.visible').and('have.attr', 'src').and('match', /^https?:\\/\\//);",
              "err": {},
              "uuid": "b4c0bce7-2dc8-420c-8d6d-032d3c7c7c3a",
              "parentUUID": "32eb1f99-7580-48f2-945b-9dea648c40f6",
              "isHook": false,
              "skipped": false
            },
            {
              "title": "should format prices in IDR",
              "fullTitle": "Product Listing should format prices in IDR",
              "timedOut": null,
              "duration": 4398,
              "state": "passed",
              "speed": "fast",
              "pass": true,
              "fail": false,
              "pending": false,
              "context": null,
              "code": "// Cek format harga — fleksibel ke Rp12.000 atau Rp 12,000\ncy.get('[data-cy=\"product-price\"]').first().invoke('text') // ambil teks harga\n.then(text => {\n  expect(text).to.include('Rp'); // wajib ada awalan Rp\n  expect(text.trim()).to.match(/Rp\\s*\\d{1,3}([.,]\\d{3})*/); // cocok format ribuan (titik/koma)\n});",
              "err": {},
              "uuid": "996af808-f1b0-4caf-9dfe-4171cccaf4b6",
              "parentUUID": "32eb1f99-7580-48f2-945b-9dea648c40f6",
              "isHook": false,
              "skipped": false
            },
            {
              "title": "should have working add to cart buttons",
              "fullTitle": "Product Listing should have working add to cart buttons",
              "timedOut": null,
              "duration": 3403,
              "state": "passed",
              "speed": "fast",
              "pass": true,
              "fail": false,
              "pending": false,
              "context": null,
              "code": "// Tombol add to cart harus aktif dan teksnya benar\ncy.get('[data-cy=\"add-to-cart\"]').first().should('be.visible').and('not.be.disabled').and('have.text', 'Add to cart');",
              "err": {},
              "uuid": "a91eebd7-de4e-4f86-9911-5965f977b51f",
              "parentUUID": "32eb1f99-7580-48f2-945b-9dea648c40f6",
              "isHook": false,
              "skipped": false
            }
          ],
          "suites": [],
          "passes": [
            "2f8b86d5-906d-4af3-a9a6-aaa7fe151e8a",
            "74640976-b363-4f7d-a82d-3e7e5bb8dcee",
            "b4c0bce7-2dc8-420c-8d6d-032d3c7c7c3a",
            "996af808-f1b0-4caf-9dfe-4171cccaf4b6",
            "a91eebd7-de4e-4f86-9911-5965f977b51f"
          ],
          "failures": [],
          "pending": [],
          "skipped": [],
          "duration": 20944,
          "root": false,
          "rootEmpty": false,
          "_timeout": 2000
        }
      ],
      "passes": [],
      "failures": [],
      "pending": [],
      "skipped": [],
      "duration": 0,
      "root": true,
      "rootEmpty": true,
      "_timeout": 2000
    },
    {
      "uuid": "d531f659-35e5-46ee-9c58-270a581db813",
      "title": "",
      "fullFile": "cypress\\e2e\\cart.cy.js",
      "file": "cypress\\e2e\\cart.cy.js",
      "beforeHooks": [],
      "afterHooks": [],
      "tests": [],
      "suites": [
        {
          "uuid": "6b049bac-75db-4f99-b80d-dc43976266b4",
          "title": "Shopping Cart",
          "fullFile": "",
          "file": "",
          "beforeHooks": [],
          "afterHooks": [],
          "tests": [
            {
              "title": "should add items to cart",
              "fullTitle": "Shopping Cart should add items to cart",
              "timedOut": null,
              "duration": 5403,
              "state": "passed",
              "speed": "medium",
              "pass": true,
              "fail": false,
              "pending": false,
              "context": null,
              "code": "// Add first product to cart\ncy.get('[data-cy=\"add-to-cart\"]').first().click();\n// Verify toast notification (using our custom toast)\ncy.get('[aria-live=\"polite\"]').find('div[class*=\"bg-green-600\"]').should('be.visible');\n// Verify cart counter\n// Wait for counter to update and be visible\ncy.get('[data-cy=\"cart-count\"]').should('be.visible').and($counter => {\n  const count = parseInt($counter.text());\n  expect(count).to.equal(1);\n});",
              "err": {},
              "uuid": "ddf991cd-abd2-4270-ab48-853273ca1c4d",
              "parentUUID": "6b049bac-75db-4f99-b80d-dc43976266b4",
              "isHook": false,
              "skipped": false
            },
            {
              "title": "should show items in cart page",
              "fullTitle": "Shopping Cart should show items in cart page",
              "timedOut": null,
              "duration": 6275,
              "state": "passed",
              "speed": "medium",
              "pass": true,
              "fail": false,
              "pending": false,
              "context": null,
              "code": "// Add product to cart\ncy.get('[data-cy=\"add-to-cart\"]').first().click();\n// Go to cart page\ncy.get('[data-cy=\"cart-link\"]').click();\n// Verify cart items\ncy.get('[data-cy=\"cart-item\"]').should('have.length', 1);\ncy.get('[data-cy=\"cart-total\"]').should('be.visible');",
              "err": {},
              "uuid": "1cb61327-644b-4925-8b81-fb43d2496760",
              "parentUUID": "6b049bac-75db-4f99-b80d-dc43976266b4",
              "isHook": false,
              "skipped": false
            },
            {
              "title": "should update cart quantities",
              "fullTitle": "Shopping Cart should update cart quantities",
              "timedOut": null,
              "duration": 6439,
              "state": "passed",
              "speed": "medium",
              "pass": true,
              "fail": false,
              "pending": false,
              "context": null,
              "code": "// Add product and go to cart\ncy.get('[data-cy=\"add-to-cart\"]').first().click();\ncy.get('[data-cy=\"cart-link\"]').click();\n// Update quantity: scope to the first cart item and select-all then type to replace value\ncy.get('[data-cy=\"cart-item\"]').first().within(() => {\n  cy.get('[data-cy=\"product-quantity\"]').click().type('{selectAll}2').should('have.value', '2').then($input => {\n    // trigger framework listeners\n    cy.wrap($input).trigger('input');\n    cy.wrap($input).trigger('change');\n  });\n});\n// Don't depend on timing of localStorage writes; verify via UI total update instead\n// Verify total updated and correct: get product price then wait for cart total to match price*2\ncy.get('[data-cy=\"product-price\"]').first().invoke('text').then(priceText => {\n  const price = parseInt(priceText.replace(/[^0-9]/g, ''));\n  cy.get('[data-cy=\"cart-total\"]').should('be.visible').invoke('text').should(text => {\n    const total = parseInt(text.replace(/[^0-9]/g, ''));\n    expect(total).to.equal(price * 2);\n  });\n});",
              "err": {},
              "uuid": "69c9308b-6c9a-4769-b750-a50289f01d0a",
              "parentUUID": "6b049bac-75db-4f99-b80d-dc43976266b4",
              "isHook": false,
              "skipped": false
            },
            {
              "title": "should remove items from cart",
              "fullTitle": "Shopping Cart should remove items from cart",
              "timedOut": null,
              "duration": 4419,
              "state": "passed",
              "speed": "fast",
              "pass": true,
              "fail": false,
              "pending": false,
              "context": null,
              "code": "// Add product and go to cart\ncy.get('[data-cy=\"add-to-cart\"]').first().click();\ncy.get('[data-cy=\"cart-link\"]').click();\n// Click remove button\ncy.get('[data-cy=\"remove-item\"]').first().click();\n// Verify item removed\ncy.get('[data-cy=\"cart-item\"]').should('have.length', 0);\n// Verify item removed from DOM\ncy.get('[data-cy=\"cart-item\"]').should('have.length', 0);\n// Debug: print cart localStorage after remove (helps diagnose race conditions)\ncy.window().its('localStorage').invoke('getItem', 'cart').then(v => {\n  cy.log('cart localStorage after remove:', v);\n  // also print to browser console for interactive runs\n  // eslint-disable-next-line no-console\n  console.log('cart localStorage after remove:', v);\n});\n// Ground-truth: localStorage cart should be empty\ncy.window().its('localStorage').invoke('getItem', 'cart').then(cart => {\n  const items = JSON.parse(cart || '[]');\n  expect(items).to.have.length(0);\n});\n// Tolerant assertion for cart count badge: accept either removed OR present-but-zero/hidden\ncy.get('body').then($body => {\n  const $count = $body.find('[data-cy=\"cart-count\"]');\n  if ($count.length === 0) {\n    cy.log('cart-count removed from DOM');\n  } else {\n    // element exists — verify it's either hidden or shows '0' / empty\n    cy.wrap($count).then($el => {\n      const txt = $el.text().trim();\n      const visible = $el.is(':visible');\n      if (visible) {\n        expect(['', '0']).to.include(txt);\n      } else {\n        // hidden is acceptable\n        expect(true).to.equal(true);\n      }\n    });\n  }\n});",
              "err": {},
              "uuid": "59dd26c2-3114-4eb4-9a97-b6511b9140aa",
              "parentUUID": "6b049bac-75db-4f99-b80d-dc43976266b4",
              "isHook": false,
              "skipped": false
            }
          ],
          "suites": [],
          "passes": [
            "ddf991cd-abd2-4270-ab48-853273ca1c4d",
            "1cb61327-644b-4925-8b81-fb43d2496760",
            "69c9308b-6c9a-4769-b750-a50289f01d0a",
            "59dd26c2-3114-4eb4-9a97-b6511b9140aa"
          ],
          "failures": [],
          "pending": [],
          "skipped": [],
          "duration": 22536,
          "root": false,
          "rootEmpty": false,
          "_timeout": 2000
        }
      ],
      "passes": [],
      "failures": [],
      "pending": [],
      "skipped": [],
      "duration": 0,
      "root": true,
      "rootEmpty": true,
      "_timeout": 2000
    }
  ],
  "meta": {
    "mocha": {
      "version": "7.0.1"
    },
    "mochawesome": {
      "options": {
        "quiet": false,
        "reportFilename": "mochawesome",
        "saveHtml": false,
        "saveJson": true,
        "consoleReporter": "spec",
        "useInlineDiffs": false,
        "code": true
      },
      "version": "7.1.4"
    },
    "marge": {
      "options": {
        "reportDir": "cypress/reports",
        "overwrite": false,
        "html": false,
        "json": true
      },
      "version": "6.3.0"
    }
  }
}